Герой атакует Гоблин на 15
Гоблин атакует Герой на 0
Герой атакует Скелет на 10
Скелет атакует Герой на 5
Герой атакует Скелет на 10
Скелет атакует Герой на 5
Герой атакует Скелет на 10
Скелет атакует Герой на 5
Герой атакует Скелет на 10
Скелет атакует Герой на 5
Герой атакует Гоблин на 15
Гоблин атакует Герой на 0
Герой атакует Скелет на 10
Скелет атакует Герой на 5
Герой атакует Скелет на 10
Скелет атакует Герой на 5
Герой атакует Скелет на 10
Скелет атакует Герой на 5
Герой атакует Скелет на 10
Скелет атакует Герой на 5
Герой атакует Гоблин на 15
Гоблин атакует Герой на 0
Герой атакует Скелет на 10
Скелет атакует Герой на 5
Герой атакует Скелет на 10
Скелет атакует Герой на 5
Герой атакует Скелет на 10
Скелет атакует Герой на 5
Герой атакует Скелет на 10
Скелет атакует Герой на 5
Герой атакует Гоблин на 15
Гоблин атакует Герой на 0
Герой атакует Скелет на 10
Скелет атакует Герой на 5
Герой атакует Скелет на 10
Скелет атакует Герой на 5
Герой атакует Скелет на 10
Скелет атакует Герой на 5
Герой атакует Скелет на 10
Скелет атакует Герой на 5
Герой атакует Гоблин на 15
Гоблин атакует Герой на 0
Герой атакует Скелет на 10
Скелет атакует Герой на 5
Герой атакует Скелет на 10
Скелет атакует Герой на 5
Герой атакует Скелет на 10
Скелет атакует Герой на 5
Герой атакует Скелет на 10
Скелет атакует Герой на 5
Герой атакует Гоблин на 15
Гоблин атакует Герой на 0
Герой атакует Гоблин на 15
Герой получает 50 опыта
Герой атакует Скелет на 10
Скелет атакует Герой на 5
Герой атакует Скелет на 10
Скелет атакует Герой на 5
Герой атакует Скелет на 10
Скелет атакует Герой на 5
Герой атакует Скелет на 10
Скелет атакует Герой на 5
Герой атакует Скелет на 10
Герой получает 50 опыта
Герой повышает уровень до 2
Герой атакует Гоблин на 15
Гоблин атакует Герой на 0
Герой атакует Гоблин на 15
Герой получает 50 опыта
Герой атакует Скелет на 10
Скелет атакует Герой на 5
Герой атакует Скелет на 10
Скелет атакует Герой на 5
Герой атакует Скелет на 10
Скелет атакует Герой на 5
Герой атакует Скелет на 10
Скелет атакует Герой на 5
Герой атакует Скелет на 10
Герой получает 50 опыта
Герой повышает уровень до 2
Герой атакует Гоблин на 15
Гоблин атакует Герой на 0
Герой атакует Гоблин на 15
Герой получает 50 опыта
Герой атакует Скелет на 10
Скелет атакует Герой на 5
Герой атакует Скелет на 10
Скелет атакует Герой на 5
Герой атакует Скелет на 10
Скелет атакует Герой на 5
Герой атакует Скелет на 10
Скелет атакует Герой на 5
Герой атакует Скелет на 10
Герой получает 50 опыта
Герой повышает уровень до 2
Герой атакует Гоблин на 15
Гоблин атакует Герой на 0
Герой атакует Гоблин на 15
Герой получает 50 опыта
Герой атакует Скелет на 10
Скелет атакует Герой на 5
Герой атакует Скелет на 10
Скелет атакует Герой на 5
Герой атакует Скелет на 10
Скелет атакует Герой на 5
Герой атакует Скелет на 10
Скелет атакует Герой на 5
Герой атакует Скелет на 10
Герой получает 50 опыта
Герой повышает уровень до 2
Герой атакует Гоблин на 15
Гоблин атакует Герой на 0
Герой атакует Гоблин на 15
Герой получает 50 опыта
Герой атакует Скелет на 10
Скелет атакует Герой на 5
Герой атакует Скелет на 10
Скелет атакует Герой на 5
Герой атакует Скелет на 10
Скелет атакует Герой на 5
Герой атакует Скелет на 10
Скелет атакует Герой на 5
Герой атакует Скелет на 10
Герой получает 50 опыта
Герой повышает уровень до 2
Герой атакует Гоблин на 15
Гоблин атакует Герой на 1
Герой атакует Гоблин на 15
Герой получает 50 опыта
Герой атакует Скелет на 10
Скелет атакует Герой на 5
Герой атакует Скелет на 10
Скелет атакует Герой на 5
Герой атакует Скелет на 10
Скелет атакует Герой на 5
Герой атакует Скелет на 10
Скелет атакует Герой на 5
Герой атакует Скелет на 10
Герой получает 50 опыта
Герой повышает уровень до 2
Герой атакует Гоблин на 15
Гоблин атакует Герой на 1
Герой атакует Гоблин на 15
Герой получает 50 опыта
Герой атакует Скелет на 10
Скелет атакует Герой на 5
Герой атакует Скелет на 10
Скелет атакует Герой на 5
Герой атакует Скелет на 10
Скелет атакует Герой на 5
Герой атакует Скелет на 10
Скелет атакует Герой на 5
Герой атакует Скелет на 10
Герой получает 50 опыта
Герой повышает уровень до 2
Герой атакует Гоблин на 15
Гоблин атакует Герой на 1
Герой атакует Гоблин на 15
Герой получает 50 опыта
Герой атакует Скелет на 10
Скелет атакует Герой на 5
Герой атакует Скелет на 10
Скелет атакует Герой на 5
Герой атакует Скелет на 10
Скелет атакует Герой на 5
Герой атакует Скелет на 10
Скелет атакует Герой на 5
Герой атакует Скелет на 10
Герой получает 50 опыта
Герой повышает уровень до 2
Герой атакует Гоблин на 15
Гоблин атакует Герой на 1
Герой атакует Гоблин на 15
Герой получает 50 опыта
Герой атакует Скелет на 10
Скелет атакует Герой на 5
Герой атакует Скелет на 10
Скелет атакует Герой на 5
Герой атакует Скелет на 10
Скелет атакует Герой на 5
Герой атакует Скелет на 10
Скелет атакует Герой на 5
Герой атакует Скелет на 10
Герой получает 50 опыта
Герой повышает уровень до 2
Герой атакует Гоблин на 15
Гоблин атакует Герой на 1
Герой атакует Гоблин на 15
Герой получает 50 опыта
Герой атакует Скелет на 10
Скелет атакует Герой на 5
Герой атакует Скелет на 10
Скелет атакует Герой на 5
Герой атакует Скелет на 10
Скелет атакует Герой на 5
Герой атакует Скелет на 10
Скелет атакует Герой на 5
Герой атакует Скелет на 10
Герой получает 50 опыта
Герой повышает уровень до 2
Герой атакует Гоблин на 15
Гоблин атакует Герой на 1
Герой атакует Гоблин на 15
Герой получает 50 опыта
Герой восстанавливает 20 HP
Скелет атакует Герой на 5
Герой атакует Скелет на 10
Скелет атакует Герой на 5
Герой атакует Скелет на 10
Скелет атакует Герой на 5
Герой атакует Скелет на 10
Скелет атакует Герой на 5
Герой атакует Скелет на 10
Скелет атакует Герой на 5
Герой атакует Скелет на 10
Герой получает 50 опыта
Герой повышает уровень до 2
Герой восстанавливает 20 HP
Гоблин атакует Герой на 1
Гоблин атакует Герой на 1
Герой атакует Гоблин на 15
Гоблин атакует Герой на 1
Герой атакует Гоблин на 15
Герой получает 50 опыта
Герой восстанавливает 20 HP
Скелет атакует Герой на 5
Герой атакует Скелет на 10
Скелет атакует Герой на 5
Герой атакует Скелет на 10
Скелет атакует Герой на 5
Герой атакует Скелет на 10
Скелет атакует Герой на 5
Герой атакует Скелет на 10
Скелет атакует Герой на 5
Герой атакует Скелет на 10
Герой получает 50 опыта
Герой повышает уровень до 2
Герой атакует Гоблин на 15
Гоблин атакует Герой на 1
Герой атакует Гоблин на 15
Герой получает 50 опыта
Герой восстанавливает 20 HP
Скелет атакует Герой на 5
Герой восстанавливает 20 HP
Скелет атакует Герой на 5
Скелет атакует Герой на 5
Герой атакует Скелет на 10
Скелет атакует Герой на 5
Герой атакует Скелет на 10
Скелет атакует Герой на 5
Герой атакует Скелет на 10
Скелет атакует Герой на 5
Герой атакует Скелет на 10
Скелет атакует Герой на 5
Герой атакует Скелет на 10
Герой получает 50 опыта
Герой повышает уровень до 2
Герой атакует Дракон на 1
Дракон атакует Герой на 30
Герой атакует Дракон на 1
Дракон атакует Герой на 30
Герой атакует Дракон на 1
Дракон атакует Герой на 30
Герой атакует Гоблин на 15
Гоблин атакует Герой на 1
Герой восстанавливает 20 HP
Гоблин атакует Герой на 1
Герой атакует Гоблин на 15
Герой получает 50 опыта
Герой атакует Скелет на 10
Скелет атакует Герой на 5
Герой восстанавливает 20 HP
Скелет атакует Герой на 5
Герой атакует Скелет на 10
Скелет атакует Герой на 5
Скелет атакует Герой на 5
Скелет атакует Герой на 5
Скелет атакует Герой на 5
Герой атакует Скелет на 10
Скелет атакует Герой на 5
Герой атакует Скелет на 10
Скелет атакует Герой на 5
Герой атакует Скелет на 10
Герой получает 50 опыта
Герой повышает уровень до 2
Герой атакует Дракон на 1
Дракон атакует Герой на 30
Герой атакует Дракон на 1
Дракон атакует Герой на 30
Герой атакует Дракон на 1
Дракон атакует Герой на 30
Герой атакует Гоблин на 15
Гоблин атакует Герой на 1
Герой атакует Гоблин на 15
Герой получает 50 опыта
Герой атакует Скелет на 10
Скелет атакует Герой на 5
Герой атакует Скелет на 10
Скелет атакует Герой на 5
Герой атакует Скелет на 10
Скелет атакует Герой на 5
Герой атакует Скелет на 10
Скелет атакует Герой на 5
Герой атакует Скелет на 10
Герой получает 50 опыта
Герой повышает уровень до 2
Герой атакует Дракон на 1
Дракон атакует Герой на 30
Герой атакует Дракон на 1
Дракон атакует Герой на 30
Герой атакует Дракон на 1
Дракон атакует Герой на 30
